 &plot nbnd=   4, nks=   181 /
            0.000000  0.000000  0.000000
   -6.107    9.359    9.359    9.359
           -0.033333  0.000000  0.000000
   -6.099    9.335    9.344    9.344
           -0.066667  0.000000  0.000000
   -6.078    9.288    9.301    9.301
           -0.100000  0.000000  0.000000
   -6.042    9.171    9.228    9.228
           -0.133333  0.000000  0.000000
   -5.991    9.016    9.129    9.129
           -0.166667  0.000000  0.000000
   -5.926    8.827    9.010    9.010
           -0.200000  0.000000  0.000000
   -5.846    8.610    8.873    8.873
           -0.233333  0.000000  0.000000
   -5.752    8.371    8.723    8.723
           -0.266667  0.000000  0.000000
   -5.644    8.117    8.590    8.590
           -0.300000  0.000000  0.000000
   -5.521    7.845    8.422    8.422
           -0.333333  0.000000  0.000000
   -5.385    7.559    8.250    8.250
           -0.366667  0.000000  0.000000
   -5.236    7.263    8.077    8.077
           -0.400000  0.000000  0.000000
   -5.073    6.946    7.896    7.896
           -0.433333  0.000000  0.000000
   -4.897    6.640    7.731    7.731
           -0.466667  0.000000  0.000000
   -4.707    6.319    7.565    7.565
           -0.500000  0.000000  0.000000
   -4.505    5.991    7.404    7.404
           -0.533333  0.000000  0.000000
   -4.290    5.657    7.250    7.250
           -0.566667  0.000000  0.000000
   -4.066    5.303    7.100    7.100
           -0.600000  0.000000  0.000000
   -3.829    4.966    6.964    6.964
           -0.633333  0.000000  0.000000
   -3.582    4.613    6.821    6.821
           -0.666667  0.000000  0.000000
   -3.325    4.261    6.702    6.702
           -0.700000  0.000000  0.000000
   -3.060    3.906    6.593    6.593
           -0.733333  0.000000  0.000000
   -2.788    3.552    6.494    6.494
           -0.766667  0.000000  0.000000
   -2.512    3.202    6.407    6.407
           -0.800000  0.000000  0.000000
   -2.234    2.864    6.333    6.333
           -0.833333  0.000000  0.000000
   -1.962    2.529    6.258    6.258
           -0.866667  0.000000  0.000000
   -1.698    2.217    6.204    6.204
           -0.900000  0.000000  0.000000
   -1.456    1.946    6.163    6.163
           -0.933333  0.000000  0.000000
   -1.253    1.716    6.133    6.133
           -0.966667  0.000000  0.000000
   -1.113    1.559    6.115    6.115
           -1.000000  0.000000  0.000000
   -1.062    1.503    6.108    6.108
           -1.000000  0.016667  0.000000
   -1.062    1.504    6.103    6.103
           -1.000000  0.033333  0.000000
   -1.060    1.509    6.085    6.088
           -1.000000  0.050000  0.000000
   -1.057    1.516    6.056    6.063
           -1.000000  0.066667  0.000000
   -1.053    1.526    6.016    6.028
           -1.000000  0.083333  0.000000
   -1.048    1.540    5.968    5.984
           -1.000000  0.100000  0.000000
   -1.041    1.556    5.911    5.932
           -1.000000  0.116667  0.000000
   -1.034    1.574    5.853    5.872
           -1.000000  0.133333  0.000000
   -1.026    1.596    5.776    5.801
           -1.000000  0.150000  0.000000
   -1.016    1.620    5.702    5.729
           -1.000000  0.166667  0.000000
   -1.006    1.649    5.635    5.656
           -1.000000  0.183333  0.000000
   -0.996    1.677    5.546    5.574
           -1.000000  0.200000  0.000000
   -0.985    1.709    5.463    5.479
           -1.000000  0.216667  0.000000
   -0.973    1.743    5.392    5.392
           -1.000000  0.233333  0.000000
   -0.960    1.779    5.302    5.313
           -1.000000  0.250000  0.000000
   -0.947    1.818    5.217    5.238
           -1.000000  0.266667  0.000000
   -0.935    1.857    5.120    5.157
           -1.000000  0.283333  0.000000
   -0.923    1.897    5.029    5.084
           -1.000000  0.300000  0.000000
   -0.910    1.938    4.939    5.015
           -1.000000  0.316667  0.000000
   -0.898    1.979    4.852    4.949
           -1.000000  0.333333  0.000000
   -0.886    2.021    4.767    4.887
           -1.000000  0.350000  0.000000
   -0.875    2.062    4.686    4.830
           -1.000000  0.366667  0.000000
   -0.865    2.102    4.610    4.779
           -1.000000  0.383333  0.000000
   -0.855    2.140    4.539    4.732
           -1.000000  0.400000  0.000000
   -0.846    2.176    4.475    4.691
           -1.000000  0.416667  0.000000
   -0.839    2.205    4.417    4.656
           -1.000000  0.433333  0.000000
   -0.833    2.234    4.368    4.627
           -1.000000  0.450000  0.000000
   -0.828    2.253    4.325    4.603
           -1.000000  0.466667  0.000000
   -0.825    2.270    4.296    4.587
           -1.000000  0.483333  0.000000
   -0.823    2.281    4.278    4.574
           -1.000000  0.500000  0.000000
   -0.822    2.284    4.272    4.571
           -0.983333  0.500000  0.016667
   -0.830    2.285    4.232    4.628
           -0.966667  0.500000  0.033333
   -0.854    2.288    4.166    4.753
           -0.950000  0.500000  0.050000
   -0.894    2.285    4.106    4.904
           -0.933333  0.500000  0.066667
   -0.946    2.275    4.074    5.073
           -0.916667  0.500000  0.083333
   -1.010    2.251    4.073    5.246
           -0.900000  0.500000  0.100000
   -1.084    2.208    4.102    5.423
           -0.883333  0.500000  0.116667
   -1.164    2.152    4.173    5.606
           -0.866667  0.500000  0.133333
   -1.249    2.082    4.277    5.791
           -0.850000  0.500000  0.150000
   -1.338    2.001    4.410    5.977
           -0.833333  0.500000  0.166667
   -1.427    1.914    4.573    6.171
           -0.816667  0.500000  0.183333
   -1.517    1.819    4.748    6.352
           -0.800000  0.500000  0.200000
   -1.607    1.725    4.941    6.533
           -0.783333  0.500000  0.216667
   -1.695    1.630    5.144    6.708
           -0.766667  0.500000  0.233333
   -1.780    1.537    5.371    6.886
           -0.750000  0.500000  0.250000
   -1.863    1.447    5.596    7.050
           -0.733333  0.500000  0.266667
   -1.942    1.360    5.828    7.206
           -0.716667  0.500000  0.283333
   -2.017    1.274    6.057    7.351
           -0.700000  0.500000  0.300000
   -2.088    1.196    6.295    7.489
           -0.683333  0.500000  0.316667
   -2.154    1.124    6.534    7.617
           -0.666667  0.500000  0.333333
   -2.215    1.056    6.764    7.733
           -0.650000  0.500000  0.350000
   -2.271    0.994    7.002    7.847
           -0.633333  0.500000  0.366667
   -2.321    0.939    7.226    7.942
           -0.616667  0.500000  0.383333
   -2.366    0.890    7.440    8.025
           -0.600000  0.500000  0.400000
   -2.405    0.847    7.642    8.102
           -0.583333  0.500000  0.416667
   -2.438    0.808    7.819    8.146
           -0.566667  0.500000  0.433333
   -2.465    0.779    7.980    8.196
           -0.550000  0.500000  0.450000
   -2.486    0.754    8.109    8.228
           -0.533333  0.500000  0.466667
   -2.502    0.737    8.196    8.254
           -0.516667  0.500000  0.483333
   -2.511    0.727    8.255    8.269
           -0.500000  0.500000  0.500000
   -2.514    0.724    8.275    8.275
           -0.508333  0.508333  0.483333
   -2.512    0.726    8.260    8.271
           -0.516667  0.516667  0.466667
   -2.505    0.734    8.215    8.259
           -0.525000  0.525000  0.450000
   -2.493    0.747    8.142    8.240
           -0.533333  0.533333  0.433333
   -2.477    0.764    8.056    8.218
           -0.541667  0.541667  0.416667
   -2.457    0.789    7.929    8.186
           -0.550000  0.550000  0.400000
   -2.432    0.816    7.778    8.142
           -0.558333  0.558333  0.383333
   -2.403    0.848    7.614    8.096
           -0.566667  0.566667  0.366667
   -2.369    0.885    7.434    8.045
           -0.575000  0.575000  0.350000
   -2.331    0.927    7.241    7.989
           -0.583333  0.583333  0.333333
   -2.289    0.973    7.036    7.924
           -0.591667  0.591667  0.316667
   -2.242    1.024    6.823    7.861
           -0.600000  0.600000  0.300000
   -2.192    1.081    6.609    7.796
           -0.608333  0.608333  0.283333
   -2.138    1.140    6.379    7.727
           -0.616667  0.616667  0.266667
   -2.080    1.204    6.150    7.658
           -0.625000  0.625000  0.250000
   -2.019    1.271    5.916    7.585
           -0.633333  0.633333  0.233333
   -1.954    1.342    5.686    7.515
           -0.641667  0.641667  0.216667
   -1.887    1.419    5.461    7.449
           -0.650000  0.650000  0.200000
   -1.817    1.495    5.227    7.379
           -0.658333  0.658333  0.183333
   -1.745    1.573    5.004    7.310
           -0.666667  0.666667  0.166667
   -1.671    1.654    4.789    7.253
           -0.675000  0.675000  0.150000
   -1.596    1.732    4.580    7.187
           -0.683333  0.683333  0.133333
   -1.521    1.808    4.384    7.123
           -0.691667  0.691667  0.116667
   -1.446    1.880    4.202    7.062
           -0.700000  0.700000  0.100000
   -1.372    1.945    4.039    7.003
           -0.708333  0.708333  0.083333
   -1.301    1.999    3.903    6.947
           -0.716667  0.716667  0.066667
   -1.235    2.039    3.794    6.894
           -0.725000  0.725000  0.050000
   -1.175    2.059    3.719    6.844
           -0.733333  0.733333  0.033333
   -1.124    2.065    3.682    6.787
           -0.741667  0.741667  0.016667
   -1.083    2.052    3.682    6.743
           -0.750000  0.750000  0.000000
   -1.056    2.031    3.716    6.703
           -0.725000  0.725000  0.000000
   -1.131    2.100    3.605    6.822
           -0.700000  0.700000  0.000000
   -1.241    2.166    3.572    6.960
           -0.675000  0.675000  0.000000
   -1.388    2.236    3.607    7.095
           -0.650000  0.650000  0.000000
   -1.570    2.318    3.702    7.245
           -0.625000  0.625000  0.000000
   -1.782    2.422    3.840    7.391
           -0.600000  0.600000  0.000000
   -2.018    2.556    4.016    7.542
           -0.575000  0.575000  0.000000
   -2.271    2.718    4.220    7.696
           -0.550000  0.550000  0.000000
   -2.534    2.909    4.445    7.850
           -0.525000  0.525000  0.000000
   -2.803    3.123    4.677    7.986
           -0.500000  0.500000  0.000000
   -3.072    3.354    4.931    8.136
           -0.475000  0.475000  0.000000
   -3.337    3.618    5.208    8.290
           -0.450000  0.450000  0.000000
   -3.598    3.898    5.487    8.432
           -0.425000  0.425000  0.000000
   -3.851    4.187    5.773    8.563
           -0.400000  0.400000  0.000000
   -4.095    4.500    6.066    8.687
           -0.375000  0.375000  0.000000
   -4.327    4.837    6.374    8.804
           -0.350000  0.350000  0.000000
   -4.548    5.177    6.672    8.907
           -0.325000  0.325000  0.000000
   -4.757    5.529    6.969    8.997
           -0.300000  0.300000  0.000000
   -4.952    5.891    7.262    9.075
           -0.275000  0.275000  0.000000
   -5.133    6.265    7.554    9.145
           -0.250000  0.250000  0.000000
   -5.300    6.640    7.831    9.199
           -0.225000  0.225000  0.000000
   -5.451    7.027    8.097    9.245
           -0.200000  0.200000  0.000000
   -5.588    7.396    8.341    9.280
           -0.175000  0.175000  0.000000
   -5.709    7.764    8.568    9.308
           -0.150000  0.150000  0.000000
   -5.814    8.120    8.772    9.328
           -0.125000  0.125000  0.000000
   -5.903    8.454    8.940    9.344
           -0.100000  0.100000  0.000000
   -5.976    8.757    9.089    9.366
           -0.075000  0.075000  0.000000
   -6.033    9.016    9.207    9.374
           -0.050000  0.050000  0.000000
   -6.074    9.217    9.297    9.372
           -0.025000  0.025000  0.000000
   -6.099    9.305    9.342    9.358
            0.000000  0.000000  0.000000
   -6.107    9.359    9.359    9.359
           -0.016667  0.016667  0.016667
   -6.101    9.327    9.355    9.355
           -0.033333  0.033333  0.033333
   -6.085    9.242    9.348    9.348
           -0.050000  0.050000  0.050000
   -6.058    9.097    9.338    9.338
           -0.066667  0.066667  0.066667
   -6.019    8.892    9.316    9.316
           -0.083333  0.083333  0.083333
   -5.971    8.640    9.281    9.281
           -0.100000  0.100000  0.100000
   -5.911    8.352    9.240    9.240
           -0.116667  0.116667  0.116667
   -5.841    8.035    9.194    9.194
           -0.133333  0.133333  0.133333
   -5.760    7.695    9.129    9.129
           -0.150000  0.150000  0.150000
   -5.669    7.341    9.076    9.076
           -0.166667  0.166667  0.166667
   -5.567    6.970    9.020    9.020
           -0.183333  0.183333  0.183333
   -5.454    6.590    8.963    8.963
           -0.200000  0.200000  0.200000
   -5.333    6.188    8.903    8.903
           -0.216667  0.216667  0.216667
   -5.201    5.799    8.863    8.863
           -0.233333  0.233333  0.233333
   -5.059    5.407    8.806    8.806
           -0.250000  0.250000  0.250000
   -4.908    5.014    8.750    8.750
           -0.266667  0.266667  0.266667
   -4.748    4.624    8.697    8.697
           -0.283333  0.283333  0.283333
   -4.580    4.238    8.645    8.645
           -0.300000  0.300000  0.300000
   -4.406    3.850    8.584    8.584
           -0.316667  0.316667  0.316667
   -4.223    3.475    8.538    8.538
           -0.333333  0.333333  0.333333
   -4.034    3.110    8.495    8.495
           -0.350000  0.350000  0.350000
   -3.840    2.755    8.456    8.456
           -0.366667  0.366667  0.366667
   -3.645    2.412    8.416    8.416
           -0.383333  0.383333  0.383333
   -3.449    2.092    8.384    8.384
           -0.400000  0.400000  0.400000
   -3.254    1.786    8.362    8.362
           -0.416667  0.416667  0.416667
   -3.067    1.502    8.338    8.338
           -0.433333  0.433333  0.433333
   -2.893    1.249    8.319    8.319
           -0.450000  0.450000  0.450000
   -2.742    1.031    8.295    8.295
           -0.466667  0.466667  0.466667
   -2.620    0.866    8.284    8.284
           -0.483333  0.483333  0.483333
   -2.542    0.760    8.277    8.277
           -0.500000  0.500000  0.500000
   -2.514    0.724    8.275    8.275
