 &plot nbnd=  10, nks=   181 /
            0.000000  0.000000  0.000000
   -4.626   -4.626   -4.626   -4.436   -4.436   -0.409   19.014   19.014   19.014   22.296
           -0.033333  0.000000  0.000000
   -4.626   -4.624   -4.624   -4.435   -4.435   -0.401   18.963   18.982   18.982   22.264
           -0.066667  0.000000  0.000000
   -4.626   -4.619   -4.619   -4.433   -4.388   -0.379   18.817   18.889   18.889   22.176
           -0.100000  0.000000  0.000000
   -4.627   -4.611   -4.611   -4.429   -4.389   -0.342   18.593   18.741   18.741   22.043
           -0.133333  0.000000  0.000000
   -4.629   -4.599   -4.599   -4.424   -4.389   -0.290   18.313   18.550   18.550   21.880
           -0.166667  0.000000  0.000000
   -4.630   -4.584   -4.584   -4.418   -4.389   -0.224   17.993   18.323   18.323   21.701
           -0.200000  0.000000  0.000000
   -4.644   -4.627   -4.627   -4.456   -4.410   -0.143   17.645   18.071   18.071   21.512
           -0.233333  0.000000  0.000000
   -4.647   -4.627   -4.627   -4.622   -4.402   -0.046   17.277   17.802   17.802   21.321
           -0.266667  0.000000  0.000000
   -4.650   -4.630   -4.607   -4.607   -4.392    0.065   16.894   17.523   17.523   21.132
           -0.300000  0.000000  0.000000
   -4.689   -4.659   -4.659   -4.651   -4.381    0.190   16.498   17.238   17.238   20.944
           -0.333333  0.000000  0.000000
   -4.694   -4.658   -4.638   -4.638   -4.368    0.331   16.091   16.952   16.952   20.764
           -0.366667  0.000000  0.000000
   -4.699   -4.665   -4.613   -4.613   -4.354    0.486   15.674   16.669   16.669   20.592
           -0.400000  0.000000  0.000000
   -4.701   -4.513   -4.513   -4.446   -4.336    0.657   15.247   16.391   16.391   20.428
           -0.433333  0.000000  0.000000
   -4.827   -4.542   -4.542   -4.508   -4.434    0.841   14.811   16.118   16.118   20.259
           -0.466667  0.000000  0.000000
   -4.995   -4.609   -4.609   -4.541   -4.450    1.039   14.364   15.854   15.854   20.093
           -0.500000  0.000000  0.000000
   -5.008   -4.689   -4.615   -4.615   -4.437    1.252   13.910   15.600   15.600   19.911
           -0.533333  0.000000  0.000000
   -5.019   -4.709   -4.589   -4.589   -4.423    1.478   13.449   15.359   15.359   19.565
           -0.566667  0.000000  0.000000
   -4.970   -4.711   -4.419   -4.419   -4.392    1.717   12.982   15.132   15.132   19.253
           -0.600000  0.000000  0.000000
   -4.982   -4.728   -4.395   -4.395   -4.377    1.969   12.512   14.916   14.916   18.971
           -0.633333  0.000000  0.000000
   -4.993   -4.744   -4.370   -4.370   -4.363    2.233   12.040   14.715   14.715   18.719
           -0.666667  0.000000  0.000000
   -5.004   -4.762   -4.417   -4.417   -4.395    2.507   11.570   14.528   14.528   18.494
           -0.700000  0.000000  0.000000
   -4.996   -4.667   -4.372   -4.271   -4.271    2.792   11.105   14.358   14.358   18.308
           -0.733333  0.000000  0.000000
   -5.004   -4.679   -4.359   -4.252   -4.252    3.084   10.646   14.204   14.204   18.136
           -0.766667  0.000000  0.000000
   -5.012   -4.690   -4.346   -4.232   -4.232    3.381   10.199   14.067   14.067   17.988
           -0.800000  0.000000  0.000000
   -5.024   -4.712   -4.356   -4.356   -4.231    3.681    9.769   13.946   13.946   17.859
           -0.833333  0.000000  0.000000
   -4.931   -4.704   -4.187   -4.187   -4.060    3.976    9.361   13.845   13.845   17.755
           -0.866667  0.000000  0.000000
   -4.938   -4.709   -4.177   -4.177   -4.056    4.259    8.984   13.761   13.761   17.671
           -0.900000  0.000000  0.000000
   -4.942   -4.710   -4.167   -4.167   -4.052    4.518    8.652   13.695   13.695   17.607
           -0.933333  0.000000  0.000000
   -4.945   -4.542   -4.149   -4.149   -4.048    4.735    8.384   13.648   13.648   17.580
           -0.966667  0.000000  0.000000
   -4.908   -4.544   -4.002   -4.002   -3.972    4.881    8.206   13.619   13.619   17.553
           -1.000000  0.000000  0.000000
   -4.909   -4.471   -3.963   -3.946   -3.946    4.935    8.142   13.610   13.610   17.553
           -1.000000  0.016667  0.000000
   -4.908   -4.470   -3.963   -3.946   -3.945    4.935    8.145   13.601   13.602   17.565
           -1.000000  0.033333  0.000000
   -4.926   -4.494   -4.078   -4.069   -3.959    4.935    8.152   13.576   13.580   17.601
           -1.000000  0.050000  0.000000
   -4.924   -4.530   -4.137   -4.077   -3.959    4.935    8.164   13.534   13.543   17.658
           -1.000000  0.066667  0.000000
   -4.921   -4.529   -4.142   -4.080   -3.959    4.937    8.181   13.476   13.494   17.743
           -1.000000  0.083333  0.000000
   -4.916   -4.527   -4.147   -4.082   -3.959    4.939    8.203   13.405   13.435   17.848
           -1.000000  0.100000  0.000000
   -4.935   -4.532   -4.274   -4.195   -4.089    4.941    8.229   13.321   13.366   17.972
           -1.000000  0.116667  0.000000
   -4.929   -4.529   -4.283   -4.199   -4.089    4.944    8.260   13.225   13.290   18.114
           -1.000000  0.133333  0.000000
   -4.922   -4.525   -4.293   -4.204   -4.090    4.947    8.296   13.120   13.209   18.271
           -1.000000  0.150000  0.000000
   -4.995   -4.523   -4.357   -4.209   -4.148    4.951    8.336   13.005   13.124   18.442
           -1.000000  0.166667  0.000000
   -4.987   -4.518   -4.369   -4.214   -4.149    4.954    8.381   12.884   13.037   18.626
           -1.000000  0.183333  0.000000
   -4.978   -4.512   -4.380   -4.220   -4.150    4.959    8.431   12.758   12.949   18.820
           -1.000000  0.200000  0.000000
   -4.907   -4.475   -4.363   -4.161   -4.146    4.964    8.485   12.628   12.861   19.026
           -1.000000  0.216667  0.000000
   -4.898   -4.470   -4.376   -4.166   -4.146    4.969    8.544   12.492   12.774   19.239
           -1.000000  0.233333  0.000000
   -4.888   -4.464   -4.390   -4.172   -4.147    4.973    8.607   12.354   12.689   19.460
           -1.000000  0.250000  0.000000
   -4.877   -4.458   -4.403   -4.176   -4.148    4.978    8.674   12.214   12.606   19.687
           -1.000000  0.266667  0.000000
   -4.861   -4.426   -4.278   -4.161   -4.143    4.983    8.747   12.072   12.528   19.923
           -1.000000  0.283333  0.000000
   -4.882   -4.474   -4.303   -4.265   -4.144    4.986    8.823   11.928   12.452   20.159
           -1.000000  0.300000  0.000000
   -4.784   -4.444   -4.234   -4.202   -4.124    4.991    8.904   11.787   12.381   20.404
           -1.000000  0.316667  0.000000
   -4.773   -4.436   -4.244   -4.221   -4.125    4.996    8.988   11.644   12.313   20.651
           -1.000000  0.333333  0.000000
   -4.760   -4.427   -4.254   -4.241   -4.125    5.000    9.077   11.501   12.251   20.901
           -1.000000  0.350000  0.000000
   -4.747   -4.419   -4.264   -4.260   -4.125    5.004    9.169   11.358   12.194   21.153
           -1.000000  0.366667  0.000000
   -4.733   -4.409   -4.280   -4.274   -4.126    5.008    9.264   11.217   12.142   21.404
           -1.000000  0.383333  0.000000
   -4.719   -4.400   -4.299   -4.284   -4.126    5.011    9.364   11.077   12.096   21.653
           -1.000000  0.400000  0.000000
   -4.703   -4.390   -4.318   -4.293   -4.125    5.015    9.467   10.938   12.055   21.897
           -1.000000  0.416667  0.000000
   -4.609   -4.365   -4.331   -4.238   -4.097    5.017    9.574   10.804   12.024   22.133
           -1.000000  0.433333  0.000000
   -4.497   -4.349   -4.325   -4.229   -4.051    5.020    9.685   10.672   11.997   22.353
           -1.000000  0.450000  0.000000
   -4.481   -4.344   -4.339   -4.240   -4.051    5.022    9.798   10.539   11.975   22.548
           -1.000000  0.466667  0.000000
   -4.430   -4.362   -4.282   -4.235   -4.052    5.023    9.914   10.410   11.959   22.706
           -1.000000  0.483333  0.000000
   -4.414   -4.380   -4.271   -4.247   -4.052    5.024   10.034   10.282   11.950   22.811
           -1.000000  0.500000  0.000000
   -4.397   -4.397   -4.264   -4.254   -4.052    5.024   10.157   10.157   11.946   22.848
           -0.983333  0.500000  0.016667
   -4.397   -4.397   -4.263   -4.254   -4.052    5.017   10.130   10.173   11.978   22.820
           -0.966667  0.500000  0.033333
   -4.399   -4.396   -4.285   -4.279   -4.100    4.994   10.056   10.222   12.067   22.739
           -0.950000  0.500000  0.050000
   -4.563   -4.420   -4.380   -4.345   -4.140    4.958    9.944   10.302   12.192   22.614
           -0.933333  0.500000  0.066667
   -4.599   -4.450   -4.373   -4.320   -4.110    4.908    9.810   10.413   12.359   22.470
           -0.916667  0.500000  0.083333
   -4.606   -4.452   -4.361   -4.322   -4.118    4.849    9.661   10.552   12.553   22.314
           -0.900000  0.500000  0.100000
   -4.612   -4.455   -4.349   -4.324   -4.125    4.780    9.504   10.717   12.765   22.152
           -0.883333  0.500000  0.116667
   -4.652   -4.550   -4.391   -4.348   -4.220    4.704    9.344   10.905   12.987   21.987
           -0.866667  0.500000  0.133333
   -4.702   -4.559   -4.445   -4.340   -4.317    4.624    9.183   11.115   13.220   21.825
           -0.850000  0.500000  0.150000
   -4.724   -4.583   -4.464   -4.375   -4.320    4.540    9.024   11.345   13.460   21.668
           -0.833333  0.500000  0.166667
   -4.727   -4.582   -4.421   -4.357   -4.293    4.456    8.868   11.594   13.707   21.518
           -0.816667  0.500000  0.183333
   -4.728   -4.589   -4.430   -4.340   -4.300    4.371    8.717   11.857   13.958   21.377
           -0.800000  0.500000  0.200000
   -4.754   -4.641   -4.449   -4.433   -4.314    4.286    8.568   12.135   14.211   21.244
           -0.783333  0.500000  0.216667
   -4.755   -4.649   -4.457   -4.418   -4.323    4.203    8.427   12.426   14.466   21.123
           -0.766667  0.500000  0.233333
   -4.756   -4.657   -4.467   -4.403   -4.330    4.123    8.292   12.728   14.720   21.015
           -0.750000  0.500000  0.250000
   -4.750   -4.642   -4.478   -4.331   -4.323    4.047    8.165   13.041   14.974   20.921
           -0.733333  0.500000  0.266667
   -4.749   -4.649   -4.492   -4.332   -4.308    3.974    8.044   13.363   15.223   20.841
           -0.716667  0.500000  0.283333
   -4.748   -4.688   -4.569   -4.368   -4.355    3.903    7.929   13.689   15.466   20.779
           -0.700000  0.500000  0.300000
   -4.692   -4.688   -4.549   -4.355   -4.352    3.839    7.822   14.024   15.704   20.738
           -0.683333  0.500000  0.316667
   -4.702   -4.687   -4.597   -4.378   -4.373    3.779    7.722   14.362   15.929   20.715
           -0.666667  0.500000  0.333333
   -4.708   -4.684   -4.612   -4.372   -4.364    3.723    7.631   14.703   16.142   20.715
           -0.650000  0.500000  0.350000
   -4.739   -4.682   -4.630   -4.412   -4.373    3.672    7.548   15.044   16.339   20.739
           -0.633333  0.500000  0.366667
   -4.742   -4.672   -4.642   -4.348   -4.333    3.627    7.473   15.382   16.518   20.788
           -0.616667  0.500000  0.383333
   -4.746   -4.668   -4.653   -4.346   -4.323    3.587    7.407   15.713   16.677   20.863
           -0.600000  0.500000  0.400000
   -4.755   -4.724   -4.649   -4.361   -4.346    3.552    7.349   16.032   16.815   20.960
           -0.583333  0.500000  0.416667
   -4.768   -4.762   -4.740   -4.388   -4.373    3.521    7.300   16.332   16.930   21.079
           -0.566667  0.500000  0.433333
   -4.768   -4.765   -4.748   -4.381   -4.371    3.497    7.260   16.605   17.023   21.214
           -0.550000  0.500000  0.450000
   -4.768   -4.767   -4.755   -4.375   -4.369    3.478    7.228   16.841   17.093   21.353
           -0.533333  0.500000  0.466667
   -4.768   -4.768   -4.758   -4.369   -4.366    3.465    7.206   17.024   17.143   21.480
           -0.516667  0.500000  0.483333
   -4.767   -4.761   -4.756   -4.362   -4.279    3.457    7.192   17.142   17.173   21.573
           -0.500000  0.500000  0.500000
   -4.741   -4.675   -4.675   -4.172   -4.172    3.455    7.188   17.182   17.182   21.608
           -0.508333  0.508333  0.483333
   -4.758   -4.754   -4.717   -4.351   -4.247    3.456    7.191   17.152   17.175   21.582
           -0.516667  0.516667  0.466667
   -4.759   -4.758   -4.724   -4.367   -4.323    3.462    7.201   17.062   17.153   21.509
           -0.525000  0.525000  0.450000
   -4.757   -4.756   -4.725   -4.371   -4.325    3.472    7.218   16.920   17.118   21.403
           -0.533333  0.533333  0.433333
   -4.770   -4.763   -4.753   -4.378   -4.369    3.486    7.242   16.732   17.069   21.274
           -0.541667  0.541667  0.416667
   -4.771   -4.759   -4.747   -4.384   -4.371    3.505    7.272   16.508   17.009   21.134
           -0.550000  0.550000  0.400000
   -4.772   -4.753   -4.741   -4.390   -4.373    3.527    7.309   16.256   16.937   20.989
           -0.558333  0.558333  0.383333
   -4.757   -4.732   -4.677   -4.371   -4.343    3.554    7.352   15.983   16.856   20.844
           -0.566667  0.566667  0.366667
   -4.757   -4.725   -4.674   -4.373   -4.352    3.584    7.402   15.692   16.766   20.700
           -0.575000  0.575000  0.350000
   -4.761   -4.716   -4.671   -4.406   -4.374    3.618    7.459   15.390   16.669   20.558
           -0.583333  0.583333  0.333333
   -4.747   -4.655   -4.605   -4.393   -4.333    3.657    7.521   15.079   16.568   20.421
           -0.591667  0.591667  0.316667
   -4.750   -4.646   -4.596   -4.403   -4.334    3.699    7.590   14.763   16.461   20.288
           -0.600000  0.600000  0.300000
   -4.744   -4.616   -4.581   -4.355   -4.333    3.745    7.666   14.444   16.350   20.160
           -0.608333  0.608333  0.283333
   -4.768   -4.632   -4.571   -4.367   -4.333    3.794    7.747   14.121   16.237   20.035
           -0.616667  0.616667  0.266667
   -4.790   -4.599   -4.593   -4.321   -4.314    3.847    7.835   13.801   16.122   19.916
           -0.625000  0.625000  0.250000
   -4.788   -4.575   -4.556   -4.315   -4.283    3.903    7.928   13.481   16.007   19.803
           -0.633333  0.633333  0.233333
   -4.792   -4.565   -4.545   -4.315   -4.294    3.963    8.026   13.164   15.892   19.695
           -0.641667  0.641667  0.216667
   -4.794   -4.537   -4.516   -4.349   -4.312    4.025    8.129   12.852   15.777   19.592
           -0.650000  0.650000  0.200000
   -4.721   -4.522   -4.453   -4.315   -4.298    4.092    8.237   12.544   15.665   19.500
           -0.658333  0.658333  0.183333
   -4.721   -4.515   -4.443   -4.296   -4.280    4.160    8.351   12.243   15.553   19.408
           -0.666667  0.666667  0.166667
   -4.726   -4.504   -4.433   -4.294   -4.294    4.229    8.468   11.949   15.444   19.320
           -0.675000  0.675000  0.150000
   -4.731   -4.492   -4.425   -4.306   -4.290    4.300    8.587   11.665   15.338   19.237
           -0.683333  0.683333  0.133333
   -4.749   -4.509   -4.452   -4.406   -4.313    4.372    8.708   11.390   15.235   19.156
           -0.691667  0.691667  0.116667
   -4.754   -4.505   -4.448   -4.410   -4.304    4.443    8.830   11.131   15.136   19.082
           -0.700000  0.700000  0.100000
   -4.757   -4.506   -4.445   -4.409   -4.294    4.513    8.951   10.890   15.041   19.013
           -0.708333  0.708333  0.083333
   -4.731   -4.466   -4.424   -4.328   -4.259    4.582    9.068   10.673   14.951   18.954
           -0.716667  0.716667  0.066667
   -4.691   -4.429   -4.418   -4.237   -4.234    4.646    9.169   10.490   14.865   18.898
           -0.725000  0.725000  0.050000
   -4.738   -4.443   -4.441   -4.247   -4.231    4.704    9.244   10.351   14.783   18.839
           -0.733333  0.733333  0.033333
   -4.744   -4.450   -4.440   -4.236   -4.222    4.755    9.276   10.278   14.708   18.787
           -0.741667  0.741667  0.016667
   -4.744   -4.467   -4.434   -4.315   -4.274    4.797    9.255   10.280   14.637   18.743
           -0.750000  0.750000  0.000000
   -4.750   -4.461   -4.443   -4.311   -4.266    4.827    9.198   10.348   14.572   18.700
           -0.725000  0.725000  0.000000
   -4.732   -4.478   -4.417   -4.326   -4.290    4.745    9.412   10.096   14.765   18.826
           -0.700000  0.700000  0.000000
   -4.711   -4.439   -4.389   -4.279   -4.239    4.632    9.646    9.901   14.974   18.962
           -0.675000  0.675000  0.000000
   -4.600   -4.321   -4.284   -4.205   -4.180    4.488    9.772    9.897   15.198   19.117
           -0.650000  0.650000  0.000000
   -4.583   -4.337   -4.256   -4.227   -4.202    4.310    9.705   10.164   15.433   19.275
           -0.625000  0.625000  0.000000
   -4.633   -4.387   -4.359   -4.298   -4.234    4.100    9.700   10.441   15.679   19.441
           -0.600000  0.600000  0.000000
   -4.743   -4.504   -4.470   -4.322   -4.277    3.864    9.755   10.735   15.934   19.613
           -0.575000  0.575000  0.000000
   -4.749   -4.524   -4.489   -4.376   -4.299    3.609    9.867   11.048   16.199   19.809
           -0.550000  0.550000  0.000000
   -4.772   -4.543   -4.498   -4.420   -4.321    3.340   10.029   11.374   16.470   20.016
           -0.525000  0.525000  0.000000
   -4.744   -4.504   -4.491   -4.396   -4.342    3.063   10.238   11.717   16.746   20.242
           -0.500000  0.500000  0.000000
   -4.748   -4.595   -4.552   -4.411   -4.380    2.782   10.488   12.067   17.022   20.480
           -0.475000  0.475000  0.000000
   -4.729   -4.594   -4.555   -4.401   -4.332    2.503   10.775   12.433   17.298   20.734
           -0.450000  0.450000  0.000000
   -4.722   -4.606   -4.554   -4.421   -4.325    2.227   11.097   12.811   17.569   21.002
           -0.425000  0.425000  0.000000
   -4.722   -4.642   -4.637   -4.481   -4.170    1.961   11.449   13.199   17.829   21.284
           -0.400000  0.400000  0.000000
   -4.726   -4.678   -4.657   -4.502   -4.312    1.700   11.831   13.597   18.076   21.582
           -0.375000  0.375000  0.000000
   -4.719   -4.660   -4.548   -4.511   -4.270    1.453   12.239   14.006   18.305   21.894
           -0.350000  0.350000  0.000000
   -4.714   -4.664   -4.547   -4.530   -4.284    1.218   12.672   14.423   18.509   22.221
           -0.325000  0.325000  0.000000
   -4.845   -4.742   -4.652   -4.578   -4.341    0.997   13.128   14.840   18.683   22.561
           -0.300000  0.300000  0.000000
   -4.844   -4.656   -4.611   -4.534   -4.310    0.791   13.606   15.269   18.827   22.861
           -0.275000  0.275000  0.000000
   -4.848   -4.609   -4.557   -4.552   -4.328    0.600   14.103   15.702   18.937   22.648
           -0.250000  0.250000  0.000000
   -4.894   -4.659   -4.619   -4.570   -4.487    0.425   14.614   16.133   19.015   22.459
           -0.225000  0.225000  0.000000
   -4.896   -4.672   -4.616   -4.585   -4.498    0.267   15.140   16.564   19.064   22.297
           -0.200000  0.200000  0.000000
   -4.759   -4.668   -4.582   -4.486   -4.425    0.125   15.677   16.990   19.089   22.169
           -0.175000  0.175000  0.000000
   -4.761   -4.686   -4.595   -4.486   -4.430   -0.001   16.218   17.398   19.095   22.071
           -0.150000  0.150000  0.000000
   -4.663   -4.619   -4.602   -4.414   -4.409   -0.109   16.760   17.785   19.089   22.013
           -0.125000  0.125000  0.000000
   -4.668   -4.636   -4.611   -4.415   -4.415   -0.201   17.292   18.136   19.075   21.995
           -0.100000  0.100000  0.000000
   -4.615   -4.610   -4.598   -4.401   -4.362   -0.276   17.801   18.442   19.057   22.023
           -0.075000  0.075000  0.000000
   -4.619   -4.617   -4.609   -4.406   -4.363   -0.334   18.265   18.689   19.040   22.089
           -0.050000  0.050000  0.000000
   -4.623   -4.622   -4.618   -4.409   -4.362   -0.375   18.653   18.869   19.027   22.180
           -0.025000  0.025000  0.000000
   -4.625   -4.625   -4.624   -4.435   -4.435   -0.400   18.918   18.978   19.017   22.262
            0.000000  0.000000  0.000000
   -4.626   -4.626   -4.626   -4.436   -4.436   -0.409   19.014   19.014   19.014   22.296
           -0.016667  0.016667  0.016667
   -4.625   -4.625   -4.625   -4.435   -4.435   -0.403   18.941   19.008   19.008   22.273
           -0.033333  0.033333  0.033333
   -4.623   -4.622   -4.622   -4.434   -4.434   -0.386   18.733   18.988   18.988   22.214
           -0.050000  0.050000  0.050000
   -4.620   -4.618   -4.618   -4.361   -4.361   -0.359   18.416   18.956   18.956   22.136
           -0.066667  0.066667  0.066667
   -4.615   -4.612   -4.612   -4.360   -4.360   -0.320   18.019   18.912   18.912   22.051
           -0.083333  0.083333  0.083333
   -4.610   -4.605   -4.605   -4.358   -4.358   -0.270   17.569   18.857   18.857   21.965
           -0.100000  0.100000  0.100000
   -4.686   -4.601   -4.601   -4.383   -4.383   -0.209   17.082   18.793   18.793   21.878
           -0.116667  0.116667  0.116667
   -4.681   -4.591   -4.591   -4.381   -4.381   -0.137   16.573   18.720   18.720   21.798
           -0.133333  0.133333  0.133333
   -4.807   -4.582   -4.582   -4.384   -4.384   -0.053   16.049   18.641   18.641   21.716
           -0.150000  0.150000  0.150000
   -4.806   -4.571   -4.571   -4.379   -4.379    0.041   15.520   18.557   18.557   21.645
           -0.166667  0.166667  0.166667
   -4.804   -4.560   -4.560   -4.372   -4.372    0.147   14.989   18.467   18.467   21.580
           -0.183333  0.183333  0.183333
   -4.821   -4.647   -4.647   -4.551   -4.551    0.264   14.457   18.375   18.375   21.520
           -0.200000  0.200000  0.200000
   -4.819   -4.637   -4.637   -4.547   -4.547    0.392   13.930   18.281   18.281   21.467
           -0.216667  0.216667  0.216667
   -4.691   -4.628   -4.628   -4.531   -4.531    0.532   13.410   18.186   18.186   21.428
           -0.233333  0.233333  0.233333
   -4.692   -4.623   -4.623   -4.519   -4.519    0.681   12.895   18.091   18.091   21.389
           -0.250000  0.250000  0.250000
   -4.612   -4.612   -4.601   -4.411   -4.411    0.842   12.390   17.998   17.998   21.363
           -0.266667  0.266667  0.266667
   -4.609   -4.609   -4.603   -4.397   -4.397    1.013   11.893   17.906   17.906   21.337
           -0.283333  0.283333  0.283333
   -4.607   -4.607   -4.604   -4.381   -4.381    1.193   11.406   17.818   17.818   21.318
           -0.300000  0.300000  0.300000
   -4.585   -4.579   -4.579   -4.255   -4.255    1.383   10.932   17.733   17.733   21.308
           -0.316667  0.316667  0.316667
   -4.744   -4.744   -4.636   -4.342   -4.342    1.579   10.469   17.651   17.651   21.300
           -0.333333  0.333333  0.333333
   -4.763   -4.763   -4.692   -4.432   -4.432    1.784   10.022   17.574   17.574   21.298
           -0.350000  0.350000  0.350000
   -4.763   -4.763   -4.506   -4.372   -4.372    1.997    9.594   17.504   17.504   21.317
           -0.366667  0.366667  0.366667
   -4.766   -4.766   -4.561   -4.360   -4.360    2.211    9.182   17.439   17.439   21.328
           -0.383333  0.383333  0.383333
   -4.757   -4.757   -4.567   -4.287   -4.287    2.427    8.792   17.381   17.381   21.348
           -0.400000  0.400000  0.400000
   -4.760   -4.760   -4.572   -4.275   -4.275    2.640    8.427   17.329   17.329   21.376
           -0.416667  0.416667  0.416667
   -4.762   -4.762   -4.575   -4.263   -4.263    2.846    8.092   17.285   17.285   21.409
           -0.433333  0.433333  0.433333
   -4.770   -4.770   -4.749   -4.382   -4.382    3.035    7.794   17.248   17.248   21.441
           -0.450000  0.450000  0.450000
   -4.770   -4.770   -4.754   -4.376   -4.376    3.203    7.544   17.220   17.220   21.488
           -0.466667  0.466667  0.466667
   -4.770   -4.770   -4.758   -4.370   -4.370    3.337    7.352   17.199   17.199   21.538
           -0.483333  0.483333  0.483333
   -4.769   -4.769   -4.760   -4.364   -4.364    3.424    7.230   17.186   17.186   21.585
           -0.500000  0.500000  0.500000
   -4.741   -4.675   -4.675   -4.172   -4.172    3.455    7.188   17.182   17.182   21.608
